<component name="libraryTable">
  <library name="junit-platform-console-standalone-1.13.0-M3">
    <CLASSES>
      <root url="jar://$PROJECT_DIR$/test-lib/junit-platform-console-standalone-1.13.0-M3.jar!/" />
    </CLASSES>
    <JAVADOC />
    <SOURCES />
  </library>
</component>